<?xml version="1.0" encoding="UTF-8"?>
<!-- Generated by org.testng.reporters.JUnitReportReporter -->
<testsuite hostname="DESKTOP-7MBOESH" name="com.modularbank.payments.api.invoker.PaymentsGetTestCases" tests="3" failures="0" timestamp="4 Aug 2021 22:28:47 GMT" time="2.953" errors="0">
  <testcase name="getAccountStatement" time="0.949" classname="com.modularbank.payments.api.invoker.PaymentsGetTestCases"/>
  <testcase name="getAccountDetails" time="1.043" classname="com.modularbank.payments.api.invoker.PaymentsGetTestCases"/>
  <testcase name="getAccountBalances" time="0.961" classname="com.modularbank.payments.api.invoker.PaymentsGetTestCases"/>
</testsuite> <!-- com.modularbank.payments.api.invoker.PaymentsGetTestCases -->
