<?xml version="1.0" encoding="UTF-8"?>
<!-- Generated by org.testng.reporters.JUnitReportReporter -->
<testsuite hostname="DESKTOP-7MBOESH" name="com.modularbank.payments.api.invoker.PaymentsTestCases" tests="8" failures="0" timestamp="4 Aug 2021 08:17:43 GMT" time="12.549" errors="0">
  <testcase name="postCreateCustomer" time="1.481" classname="com.modularbank.payments.api.invoker.PaymentsTestCases"/>
  <testcase name="getAccountDetails" time="1.028" classname="com.modularbank.payments.api.invoker.PaymentsTestCases"/>
  <testcase name="getAccountBalances" time="0.974" classname="com.modularbank.payments.api.invoker.PaymentsTestCases"/>
  <testcase name="postTransactions" time="1.393" classname="com.modularbank.payments.api.invoker.PaymentsTestCases"/>
  <testcase name="postJWTRequest" time="3.413" classname="com.modularbank.payments.api.invoker.PaymentsTestCases"/>
  <testcase name="confirmPayment" time="1.233" classname="com.modularbank.payments.api.invoker.PaymentsTestCases"/>
  <testcase name="postCreateAccount" time="1.588" classname="com.modularbank.payments.api.invoker.PaymentsTestCases"/>
  <testcase name="postPayment" time="1.439" classname="com.modularbank.payments.api.invoker.PaymentsTestCases"/>
</testsuite> <!-- com.modularbank.payments.api.invoker.PaymentsTestCases -->
