<?xml version="1.0" encoding="UTF-8"?>
<!-- Generated by org.testng.reporters.JUnitReportReporter -->
<testsuite hostname="DESKTOP-7MBOESH" name="com.modularbank.payments.api.invoker.PaymentsGetTestCases" tests="3" failures="0" timestamp="4 Aug 2021 10:39:24 GMT" time="2.961" errors="0">
  <testcase name="getAccountBalances" time="0.975" classname="com.modularbank.payments.api.invoker.PaymentsGetTestCases"/>
  <testcase name="getAccountStatement" time="0.961" classname="com.modularbank.payments.api.invoker.PaymentsGetTestCases"/>
  <testcase name="getAccountDetails" time="1.025" classname="com.modularbank.payments.api.invoker.PaymentsGetTestCases"/>
</testsuite> <!-- com.modularbank.payments.api.invoker.PaymentsGetTestCases -->
