<?xml version="1.0" encoding="UTF-8"?>
<!-- Generated by org.testng.reporters.JUnitReportReporter -->
<testsuite hostname="DESKTOP-7MBOESH" name="com.modularbank.payments.api.invoker.PaymentsPostTestCases" tests="6" failures="0" timestamp="4 Aug 2021 10:39:24 GMT" time="10.987" errors="0">
  <testcase name="postJWTRequest" time="3.378" classname="com.modularbank.payments.api.invoker.PaymentsPostTestCases"/>
  <testcase name="postCreateCustomer" time="1.512" classname="com.modularbank.payments.api.invoker.PaymentsPostTestCases"/>
  <testcase name="postTransactions" time="1.501" classname="com.modularbank.payments.api.invoker.PaymentsPostTestCases"/>
  <testcase name="postCreateAccount" time="1.362" classname="com.modularbank.payments.api.invoker.PaymentsPostTestCases"/>
  <testcase name="postPayment" time="1.960" classname="com.modularbank.payments.api.invoker.PaymentsPostTestCases"/>
  <testcase name="confirmPayment" time="1.274" classname="com.modularbank.payments.api.invoker.PaymentsPostTestCases"/>
</testsuite> <!-- com.modularbank.payments.api.invoker.PaymentsPostTestCases -->
