<?xml version="1.0" encoding="UTF-8"?>
<!-- Generated by org.testng.reporters.JUnitReportReporter -->
<testsuite hostname="DESKTOP-7MBOESH" name="com.modularbank.payments.api.invoker.PaymentsPostTestCases" tests="6" failures="0" timestamp="5 Aug 2021 07:25:47 GMT" time="14.166" errors="0">
  <testcase name="postJWTRequest" time="4.027" classname="com.modularbank.payments.api.invoker.PaymentsPostTestCases"/>
  <testcase name="postTransactions" time="1.665" classname="com.modularbank.payments.api.invoker.PaymentsPostTestCases"/>
  <testcase name="confirmPayment" time="2.782" classname="com.modularbank.payments.api.invoker.PaymentsPostTestCases"/>
  <testcase name="postCreateCustomer" time="1.745" classname="com.modularbank.payments.api.invoker.PaymentsPostTestCases"/>
  <testcase name="postCreateAccount" time="1.488" classname="com.modularbank.payments.api.invoker.PaymentsPostTestCases"/>
  <testcase name="postPayment" time="2.459" classname="com.modularbank.payments.api.invoker.PaymentsPostTestCases"/>
</testsuite> <!-- com.modularbank.payments.api.invoker.PaymentsPostTestCases -->
