<?xml version="1.0" encoding="UTF-8"?>
<!-- Generated by org.testng.reporters.JUnitReportReporter -->
<testsuite hostname="DESKTOP-7MBOESH" name="com.modularbank.payments.api.invoker.TestCases" tests="8" failures="0" timestamp="4 Aug 2021 07:17:38 GMT" time="13.384" errors="0">
  <testcase name="postCreateCustomer" time="1.162" classname="com.modularbank.payments.api.invoker.TestCases"/>
  <testcase name="getAccountDetails" time="1.625" classname="com.modularbank.payments.api.invoker.TestCases"/>
  <testcase name="postTransactions" time="1.881" classname="com.modularbank.payments.api.invoker.TestCases"/>
  <testcase name="getAccountBalances" time="0.973" classname="com.modularbank.payments.api.invoker.TestCases"/>
  <testcase name="postPayment" time="1.322" classname="com.modularbank.payments.api.invoker.TestCases"/>
  <testcase name="postCreateAccount" time="1.653" classname="com.modularbank.payments.api.invoker.TestCases"/>
  <testcase name="postJWTRequest" time="3.416" classname="com.modularbank.payments.api.invoker.TestCases"/>
  <testcase name="confirmPayment" time="1.352" classname="com.modularbank.payments.api.invoker.TestCases"/>
</testsuite> <!-- com.modularbank.payments.api.invoker.TestCases -->
