<?xml version="1.0" encoding="UTF-8"?>
<!-- Generated by org.testng.reporters.JUnitReportReporter -->
<testsuite hostname="DESKTOP-7MBOESH" name="com.modularbank.payments.api.invoker.PaymentsGetTestCases" tests="3" failures="0" timestamp="5 Aug 2021 07:25:47 GMT" time="3.811" errors="0">
  <testcase name="getAccountStatement" time="1.160" classname="com.modularbank.payments.api.invoker.PaymentsGetTestCases"/>
  <testcase name="getAccountDetails" time="1.482" classname="com.modularbank.payments.api.invoker.PaymentsGetTestCases"/>
  <testcase name="getAccountBalances" time="1.169" classname="com.modularbank.payments.api.invoker.PaymentsGetTestCases"/>
</testsuite> <!-- com.modularbank.payments.api.invoker.PaymentsGetTestCases -->
