<?xml version="1.0" encoding="UTF-8"?>
<!-- Generated by org.testng.reporters.JUnitReportReporter -->
<testsuite hostname="DESKTOP-7MBOESH" name="com.modularbank.payments.api.invoker.PaymentsPostTestCases" tests="6" failures="0" timestamp="4 Aug 2021 22:28:47 GMT" time="10.685" errors="0">
  <testcase name="postJWTRequest" time="3.411" classname="com.modularbank.payments.api.invoker.PaymentsPostTestCases"/>
  <testcase name="postPayment" time="1.808" classname="com.modularbank.payments.api.invoker.PaymentsPostTestCases"/>
  <testcase name="postTransactions" time="1.179" classname="com.modularbank.payments.api.invoker.PaymentsPostTestCases"/>
  <testcase name="confirmPayment" time="1.281" classname="com.modularbank.payments.api.invoker.PaymentsPostTestCases"/>
  <testcase name="postCreateCustomer" time="1.410" classname="com.modularbank.payments.api.invoker.PaymentsPostTestCases"/>
  <testcase name="postCreateAccount" time="1.596" classname="com.modularbank.payments.api.invoker.PaymentsPostTestCases"/>
</testsuite> <!-- com.modularbank.payments.api.invoker.PaymentsPostTestCases -->
